<?xml version="1.0" encoding="UTF-8"?>
<!-- Generated by org.testng.reporters.JUnitReportReporter -->
<testsuite hostname="A2ML31864" failures="0" tests="1" name="Tomtom.com.mindtree.Dhamo" time="36.919" errors="0" timestamp="13 Sep 2019 09:00:33 GMT" skipped="0">
  <testcase classname="Tomtom.com.mindtree.Dhamo" name="init" time="36.919"/>
</testsuite> <!-- Tomtom.com.mindtree.Dhamo -->
